

 SR OS Software
 Copyright (c) Nokia 2017.  All Rights Reserved.
 
 Trademarks
 
 Nokia and the Nokia logo are registered trademarks of Nokia. All other
 trademarks are the property of their respective owners.
 
 IMPORTANT:  READ CAREFULLY
 
 The SR OS Software (the "Software") is proprietary to Nokia and is subject
 to and governed by the terms and conditions of the End User License
 Agreement accompanying the product, made available at the time of your order,
 or posted on the Nokia website (collectively, the "EULA").  As set forth
 more fully in the EULA, use of the Software is strictly limited to your 
 internal use.  Downloading, installing, or using the Software constitutes
 acceptance of the EULA and you are binding yourself and the business entity
 that you represent to the EULA.  If you do not agree to all of the terms of
 the EULA, then Nokia is unwilling to license the Software to you and (a) you
 may not download, install or use the Software, and (b) you may return the
 Software as more fully set forth in the EULA.
 
 This product contains cryptographic features and is subject to United States 
 and local country laws governing import, export, transfer and use. Delivery 
 of Nokia cryptographic products does not imply third-party authority to 
 import, export, distribute or use encryption.
 
 If you require further assistance please contact us by sending an email
 to support@nokia.com.

A:VSR# /configure system name "r2.hailstorm5.coe.muc.redhat.com"
*A:r2.hailstorm5.coe.muc.redhat.com# /configure system time ntp no shutdown 
*A:r2.hailstorm5.coe.muc.redhat.com# /configure system time sntp shutdown 
*A:r2.hailstorm5.coe.muc.redhat.com# /configure system time zone UTC 
*A:r2.hailstorm5.coe.muc.redhat.com# /configure system 
*A:r2.hailstorm5.coe.muc.redhat.com>config>system# /configure log 
*A:r2.hailstorm5.coe.muc.redhat.com>config>log# /configure system vsd system-id "r2"
*A:r2.hailstorm5.coe.muc.redhat.com>config>log# /configure system xmpp server "vsd" domain-name "xmpp.hailstorm5.coe.muc.redhat.com" create username "r2"
*A:r2.hailstorm5.coe.muc.redhat.com>config>system>xmpp>server# /configure card 1 card-type iom-v[5D"iom-v[5D[5C" 
*A:r2.hailstorm5.coe.muc.redhat.com>config>system>xmpp>server# /configure card 1 mda 1 mda-type m20-v[5D"m20-v[5D[5C" 
*A:r2.hailstorm5.coe.muc.redhat.com>config>system>xmpp>server# /configure card 1 mda 1 no shutdown 
*A:r2.hailstorm5.coe.muc.redhat.com>config>system>xmpp>server# /configure card 1 no shutdown 
*A:r2.hailstorm5.coe.muc.redhat.com>config>system>xmpp>server# /configure port-xc pxc 1 create description "PXC_port"
*A:r2.hailstorm5.coe.muc.redhat.com>config>system>xmpp>server# /configure port-xc pxc 1 create port 1/1/20 
*A:r2.hailstorm5.coe.muc.redhat.com>config>system>xmpp>server# /configure port-xc pxc 1 create no shutdown 
*A:r2.hailstorm5.coe.muc.redhat.com>config>system>xmpp>server# /configure port 1/1/1 shutdown 
*A:r2.hailstorm5.coe.muc.redhat.com>config>system>xmpp>server# /configure port 1/1/1 description "Tenant_network"
*A:r2.hailstorm5.coe.muc.redhat.com>config>system>xmpp>server# /configure port 1/1/1 ethernet mode access 
*A:r2.hailstorm5.coe.muc.redhat.com>config>system>xmpp>server# /configure port 1/1/1 no shutdown 
*A:r2.hailstorm5.coe.muc.redhat.com>config>system>xmpp>server# /configure port 1/1/2 shutdown 
*A:r2.hailstorm5.coe.muc.redhat.com>config>system>xmpp>server# /configure port 1/1/2 description "Services_network"
*A:r2.hailstorm5.coe.muc.redhat.com>config>system>xmpp>server# /configure port 1/1/2 ethernet mode access 
*A:r2.hailstorm5.coe.muc.redhat.com>config>system>xmpp>server# /configure port 1/1/2 no shutdown 
*A:r2.hailstorm5.coe.muc.redhat.com>config>system>xmpp>server# /configure port 1/1/3 shutdown 
*A:r2.hailstorm5.coe.muc.redhat.com>config>system>xmpp>server# /configure port 1/1/3 description "OSPF1_network"
*A:r2.hailstorm5.coe.muc.redhat.com>config>system>xmpp>server# /configure port 1/1/3 ethernet mode access 
*A:r2.hailstorm5.coe.muc.redhat.com>config>system>xmpp>server# /configure port 1/1/3 no shutdown 
*A:r2.hailstorm5.coe.muc.redhat.com>config>system>xmpp>server# /configure port 1/1/4 shutdown 
*A:r2.hailstorm5.coe.muc.redhat.com>config>system>xmpp>server# /configure port 1/1/4 description "BGP1_network"
*A:r2.hailstorm5.coe.muc.redhat.com>config>system>xmpp>server# /configure port 1/1/4 ethernet mode access 
*A:r2.hailstorm5.coe.muc.redhat.com>config>system>xmpp>server# /configure port 1/1/4 no shutdown 
*A:r2.hailstorm5.coe.muc.redhat.com>config>system>xmpp>server# /configure port 1/1/5 shutdown 
*A:r2.hailstorm5.coe.muc.redhat.com>config>system>xmpp>server# /configure port 1/1/5 description "Nuage_VSR_network"
*A:r2.hailstorm5.coe.muc.redhat.com>config>system>xmpp>server# /configure port 1/1/5 ethernet mode access 
*A:r2.hailstorm5.coe.muc.redhat.com>config>system>xmpp>server# /configure port 1/1/5 no shutdown 
*A:r2.hailstorm5.coe.muc.redhat.com>config>system>xmpp>server# /configure port 1/1/6 shutdown 
*A:r2.hailstorm5.coe.muc.redhat.com>config>system>xmpp>server# /configure port 1/1/6 description "Guests_network"
*A:r2.hailstorm5.coe.muc.redhat.com>config>system>xmpp>server# /configure port 1/1/6 ethernet mode access 
*A:r2.hailstorm5.coe.muc.redhat.com>config>system>xmpp>server# /configure port 1/1/6 no shutdown 
*A:r2.hailstorm5.coe.muc.redhat.com>config>system>xmpp>server# /configure port 1/1/7 shutdown 
*A:r2.hailstorm5.coe.muc.redhat.com>config>system>xmpp>server# /configure port 1/1/7 ethernet 
*A:r2.hailstorm5.coe.muc.redhat.com>config>port>ethernet# /configure port 1/1/8 shutdown 
*A:r2.hailstorm5.coe.muc.redhat.com>config>port>ethernet# /configure port 1/1/8 ethernet 
*A:r2.hailstorm5.coe.muc.redhat.com>config>port>ethernet# /configure port 1/1/9 shutdown 
*A:r2.hailstorm5.coe.muc.redhat.com>config>port>ethernet# /configure port 1/1/9 ethernet 
*A:r2.hailstorm5.coe.muc.redhat.com>config>port>ethernet# /configure port 1/1/10 shutdown 
*A:r2.hailstorm5.coe.muc.redhat.com>config>port>ethernet# /configure port 1/1/10 ethernet 
*A:r2.hailstorm5.coe.muc.redhat.com>config>port>ethernet# /configure port 1/1/11 shutdown 
*A:r2.hailstorm5.coe.muc.redhat.com>config>port>ethernet# /configure port 1/1/11 ethernet 
*A:r2.hailstorm5.coe.muc.redhat.com>config>port>ethernet# /configure port 1/1/12 shutdown 
*A:r2.hailstorm5.coe.muc.redhat.com>config>port>ethernet# /configure port 1/1/12 ethernet 
*A:r2.hailstorm5.coe.muc.redhat.com>config>port>ethernet# /configure port 1/1/13 shutdown 
*A:r2.hailstorm5.coe.muc.redhat.com>config>port>ethernet# /configure port 1/1/13 ethernet 
*A:r2.hailstorm5.coe.muc.redhat.com>config>port>ethernet# /configure port 1/1/14 shutdown 
*A:r2.hailstorm5.coe.muc.redhat.com>config>port>ethernet# /configure port 1/1/14 ethernet 
*A:r2.hailstorm5.coe.muc.redhat.com>config>port>ethernet# /configure port 1/1/15 shutdown 
*A:r2.hailstorm5.coe.muc.redhat.com>config>port>ethernet# /configure port 1/1/15 ethernet 
*A:r2.hailstorm5.coe.muc.redhat.com>config>port>ethernet# /configure port 1/1/16 shutdown 
*A:r2.hailstorm5.coe.muc.redhat.com>config>port>ethernet# /configure port 1/1/16 ethernet 
*A:r2.hailstorm5.coe.muc.redhat.com>config>port>ethernet# /configure port 1/1/17 shutdown 
*A:r2.hailstorm5.coe.muc.redhat.com>config>port>ethernet# /configure port 1/1/17 ethernet 
*A:r2.hailstorm5.coe.muc.redhat.com>config>port>ethernet# /configure port 1/1/18 shutdown 
*A:r2.hailstorm5.coe.muc.redhat.com>config>port>ethernet# /configure port 1/1/18 ethernet 
*A:r2.hailstorm5.coe.muc.redhat.com>config>port>ethernet# /configure port 1/1/19 shutdown 
*A:r2.hailstorm5.coe.muc.redhat.com>config>port>ethernet# /configure port 1/1/19 ethernet 
*A:r2.hailstorm5.coe.muc.redhat.com>config>port>ethernet# /configure port 1/1/20 ethernet dot1x tunneling 
*A:r2.hailstorm5.coe.muc.redhat.com>config>port>ethernet# /configure port 1/1/20 ethernet mode hybrid 
*A:r2.hailstorm5.coe.muc.redhat.com>config>port>ethernet# /configure port 1/1/20 ethernet encap-type dot1q 
*A:r2.hailstorm5.coe.muc.redhat.com>config>port>ethernet# /configure port 1/1/20 no shutdown 
*A:r2.hailstorm5.coe.muc.redhat.com>config>port>ethernet# /configure port pxc-1.a ethernet 
*A:r2.hailstorm5.coe.muc.redhat.com>config>port>ethernet# /configure port pxc-1.a no shutdown 
*A:r2.hailstorm5.coe.muc.redhat.com>config>port>ethernet# /configure port pxc-1.b ethernet 
*A:r2.hailstorm5.coe.muc.redhat.com>config>port>ethernet# /configure port pxc-1.b no shutdown 
*A:r2.hailstorm5.coe.muc.redhat.com>config>port>ethernet# /configure router management 
*A:r2.hailstorm5.coe.muc.redhat.com>config>router# /configure router Base interface "system" address 1.1.1.12/32 
*A:r2.hailstorm5.coe.muc.redhat.com>config>router# /configure router Base interface "system" no shutdown 
*A:r2.hailstorm5.coe.muc.redhat.com>config>router# /configure router Base interface "to_infravprn" address 10.100.1.0/31 
*A:r2.hailstorm5.coe.muc.redhat.com>config>router# /configure router Base interface "to_infravprn" port pxc-1.a:0 
*A:r2.hailstorm5.coe.muc.redhat.com>config>router# /configure router Base interface "to_infravprn" no shutdown 
*A:r2.hailstorm5.coe.muc.redhat.com>config>router# /configure router Base autonomous-system 65000 
*A:r2.hailstorm5.coe.muc.redhat.com>config>router# /configure router Base ospf 0 asbr 
*A:r2.hailstorm5.coe.muc.redhat.com>config>router# /configure router Base ospf 0 area 0.0.0.0 interface "system" no shutdown 
*A:r2.hailstorm5.coe.muc.redhat.com>config>router# /configure router Base ospf 0 area 0.0.0.0 interface "to_infravprn" mtu 1500 
*A:r2.hailstorm5.coe.muc.redhat.com>config>router# /configure router Base ospf 0 area 0.0.0.0 interface "to_infravprn" no shutdown 
*A:r2.hailstorm5.coe.muc.redhat.com>config>router# /configure router Base ospf 0 no shutdown 
*A:r2.hailstorm5.coe.muc.redhat.com>config>router# /configure router Base policy-options begin 
*A:r2.hailstorm5.coe.muc.redhat.com>config>router# /configure router Base policy-options policy-statement "announce_to_rb" entry 10 from protocol direct 
*A:r2.hailstorm5.coe.muc.redhat.com>config>router# /configure router Base policy-options policy-statement "announce_to_rb" entry 10 action accept 
*A:r2.hailstorm5.coe.muc.redhat.com>config>router>policy-options>policy-statement>entry>action# /configure router Base policy-options policy-statement "announce_to_rb" entry 20 from protocol static 
*A:r2.hailstorm5.coe.muc.redhat.com>config>router>policy-options>policy-statement>entry>action# /configure router Base policy-options policy-statement "announce_to_rb" entry 20 action accept 
*A:r2.hailstorm5.coe.muc.redhat.com>config>router>policy-options>policy-statement>entry>action# /configure router Base policy-options policy-statement "policy-201-export"
*A:r2.hailstorm5.coe.muc.redhat.com>config>router>policy-options>policy-statement$ /configure router Base policy-options policy-statement "policy-201-import"
*A:r2.hailstorm5.coe.muc.redhat.com>config>router>policy-options>policy-statement$ /configure router Base policy-options policy-statement "policy-202-export"
*A:r2.hailstorm5.coe.muc.redhat.com>config>router>policy-options>policy-statement$ /configure router Base policy-options policy-statement "policy-202-import"
*A:r2.hailstorm5.coe.muc.redhat.com>config>router>policy-options>policy-statement$ /configure router Base policy-options policy-statement "policy-203-export"
*A:r2.hailstorm5.coe.muc.redhat.com>config>router>policy-options>policy-statement$ /configure router Base policy-options policy-statement "policy-203-import"
*A:r2.hailstorm5.coe.muc.redhat.com>config>router>policy-options>policy-statement$ /configure router Base policy-options policy-statement "policy-204-export"
*A:r2.hailstorm5.coe.muc.redhat.com>config>router>policy-options>policy-statement$ /configure router Base policy-options policy-statement "policy-204-import"
*A:r2.hailstorm5.coe.muc.redhat.com>config>router>policy-options>policy-statement$ /configure router Base policy-options policy-statement "policy-2001-export"
*A:r2.hailstorm5.coe.muc.redhat.com>config>router>policy-options>policy-statement$ /configure router Base policy-options policy-statement "policy-2001-import"
*A:r2.hailstorm5.coe.muc.redhat.com>config>router>policy-options>policy-statement$ /configure router Base policy-options policy-statement "policy-2002-export"
*A:r2.hailstorm5.coe.muc.redhat.com>config>router>policy-options>policy-statement$ /configure router Base policy-options policy-statement "policy-2002-import"
*A:r2.hailstorm5.coe.muc.redhat.com>config>router>policy-options>policy-statement$ /configure router Base policy-options commit 
*A:r2.hailstorm5.coe.muc.redhat.com>config>router>policy-options>policy-statement$ /configure service customer 1 create description "Default customer"
*A:r2.hailstorm5.coe.muc.redhat.com>config>router>policy-options>policy-statement$ /configure service vsd domain vrf201 type vrf-vxlan create description "vrf201"
*A:r2.hailstorm5.coe.muc.redhat.com>config>router>policy-options>policy-statement$ /configure service vsd domain vrf201[6D"vrf201[6D[6C" type vrf-vxlan create no shutdown 
*A:r2.hailstorm5.coe.muc.redhat.com>config>router>policy-options>policy-statement$ /configure service vsd domain vrf202 type vrf-vxlan create description "vrf202"
*A:r2.hailstorm5.coe.muc.redhat.com>config>router>policy-options>policy-statement$ /configure service vsd domain vrf202[6D"vrf202[6D[6C" type vrf-vxlan create no shutdown 
*A:r2.hailstorm5.coe.muc.redhat.com>config>router>policy-options>policy-statement$ /configure service vsd domain vrf203 type vrf-vxlan create description "vrf203"
*A:r2.hailstorm5.coe.muc.redhat.com>config>router>policy-options>policy-statement$ /configure service vsd domain vrf203[6D"vrf203[6D[6C" type vrf-vxlan create no shutdown 
*A:r2.hailstorm5.coe.muc.redhat.com>config>router>policy-options>policy-statement$ /configure service vsd domain vrf204 type vrf-vxlan create description "vrf204"
*A:r2.hailstorm5.coe.muc.redhat.com>config>router>policy-options>policy-statement$ /configure service vsd domain vrf204[6D"vrf204[6D[6C" type vrf-vxlan create no shutdown 
*A:r2.hailstorm5.coe.muc.redhat.com>config>router>policy-options>policy-statement$ /configure service vsd domain vrf2001 type vrf-vxlan create 
*A:r2.hailstorm5.coe.muc.redhat.com>config>service>vsd>domain$ /configure service vsd domain vrf2001[7D"vrf2001[7D[7C"  description "vrf2001 FIP"
*A:r2.hailstorm5.coe.muc.redhat.com>config>service>vsd>domain$ /configure service vsd domain vrf2001[7D"vrf2001[7D[7C" no shutdown 
*A:r2.hailstorm5.coe.muc.redhat.com>config>service>vsd>domain$ /configure service vsd domain vrf2002 type vrf-vxlan create 
*A:r2.hailstorm5.coe.muc.redhat.com>config>service>vsd>domain$ /configure service vsd domain vrf2002[7D"vrf2002[7D[7C"  description "vrf2002 mgmt data"
*A:r2.hailstorm5.coe.muc.redhat.com>config>service>vsd>domain$ /configure service vsd domain vrf2002[7D"vrf2002[7D[7C" no shutdown 
*A:r2.hailstorm5.coe.muc.redhat.com>config>service>vsd>domain$ /configure service vprn 1000 customer 1 create interface "to_OSPF1" create 
*A:r2.hailstorm5.coe.muc.redhat.com>config>service>vprn>if$ /configure service vprn 1000 customer 1 create interface "to_BGP1" create 
*A:r2.hailstorm5.coe.muc.redhat.com>config>service>vprn>if$ /configure service vprn 1000 customer 1 create interface "to-vpls201" create 
*A:r2.hailstorm5.coe.muc.redhat.com>config>service>vprn>if$ /configure service vprn 1000 customer 1 create interface "to-vpls202" create 
*A:r2.hailstorm5.coe.muc.redhat.com>config>service>vprn>if$ /configure service vprn 1000 customer 1 create interface "to-vpls203" create 
*A:r2.hailstorm5.coe.muc.redhat.com>config>service>vprn>if$ /configure service vprn 1000 customer 1 create interface "to-vpls204" create 
*A:r2.hailstorm5.coe.muc.redhat.com>config>service>vprn>if$ /configure service vprn 1000 customer 1 create interface "to-vpls2001" create 
*A:r2.hailstorm5.coe.muc.redhat.com>config>service>vprn>if$ /configure service vprn 2000 customer 1 create interface "to_GRT" create 
*A:r2.hailstorm5.coe.muc.redhat.com>config>service>vprn>if$ /configure service vprn 2000 customer 1 create interface "to_vsr1" create 
*A:r2.hailstorm5.coe.muc.redhat.com>config>service>vprn>if$ /configure service vprn 2000 customer 1 create interface "to_tenant" create 
*A:r2.hailstorm5.coe.muc.redhat.com>config>service>vprn>if$ /configure service vpls 201 customer 1 create allow-ip-int-bind 
*A:r2.hailstorm5.coe.muc.redhat.com>config>service>vpls>bind$ /configure service vpls 201 customer 1 create bgp route-distinguisher 65000:201 
*A:r2.hailstorm5.coe.muc.redhat.com>config>service>vpls>bind$ /configure service vpls 201 customer 1 create bgp vsi-export "policy-201-export"
*A:r2.hailstorm5.coe.muc.redhat.com>config>service>vpls>bind$ /configure service vpls 201 customer 1 create bgp vsi-import "policy-201-import"
*A:r2.hailstorm5.coe.muc.redhat.com>config>service>vpls>bind$ /configure service vpls 201 customer 1 create bgp-evpn ip-route-advertisement 
*A:r2.hailstorm5.coe.muc.redhat.com>config>service>vpls>bind$ /configure service vpls 201 customer 1 create bgp-evpn mpls shutdown 
*A:r2.hailstorm5.coe.muc.redhat.com>config>service>vpls>bind$ /configure service vpls 201 customer 1 create stp shutdown 
*A:r2.hailstorm5.coe.muc.redhat.com>config>service>vpls>bind$ /configure service vpls 201 customer 1 create service-name "vpls201"
*A:r2.hailstorm5.coe.muc.redhat.com>config>service>vpls>bind$ /configure service vpls 201 customer 1 create vsd-domain "vrf201"
*A:r2.hailstorm5.coe.muc.redhat.com>config>service>vpls>bind$ /configure service vpls 201 customer 1 create no shutdown 
*A:r2.hailstorm5.coe.muc.redhat.com>config>service>vpls>bind$ /configure service vpls 202 customer 1 create allow-ip-int-bind 
*A:r2.hailstorm5.coe.muc.redhat.com>config>service>vpls>bind$ /configure service vpls 202 customer 1 create bgp route-distinguisher 65000:102 
*A:r2.hailstorm5.coe.muc.redhat.com>config>service>vpls>bind$ /configure service vpls 202 customer 1 create bgp vsi-export "policy-202-export"
*A:r2.hailstorm5.coe.muc.redhat.com>config>service>vpls>bind$ /configure service vpls 202 customer 1 create bgp vsi-import "policy-202-import"
*A:r2.hailstorm5.coe.muc.redhat.com>config>service>vpls>bind$ /configure service vpls 202 customer 1 create bgp-evpn ip-route-advertisement 
*A:r2.hailstorm5.coe.muc.redhat.com>config>service>vpls>bind$ /configure service vpls 202 customer 1 create bgp-evpn mpls shutdown 
*A:r2.hailstorm5.coe.muc.redhat.com>config>service>vpls>bind$ /configure service vpls 202 customer 1 create stp shutdown 
*A:r2.hailstorm5.coe.muc.redhat.com>config>service>vpls>bind$ /configure service vpls 202 customer 1 create service-name "vpls202"
*A:r2.hailstorm5.coe.muc.redhat.com>config>service>vpls>bind$ /configure service vpls 202 customer 1 create vsd-domain "vrf202"
*A:r2.hailstorm5.coe.muc.redhat.com>config>service>vpls>bind$ /configure service vpls 202 customer 1 create no shutdown 
*A:r2.hailstorm5.coe.muc.redhat.com>config>service>vpls>bind$ /configure service vpls 203 customer 1 create allow-ip-int-bind 
*A:r2.hailstorm5.coe.muc.redhat.com>config>service>vpls>bind$ /configure service vpls 203 customer 1 create bgp route-distinguisher 65000:103 
*A:r2.hailstorm5.coe.muc.redhat.com>config>service>vpls>bind$ /configure service vpls 203 customer 1 create bgp vsi-export "policy-203-export"
*A:r2.hailstorm5.coe.muc.redhat.com>config>service>vpls>bind$ /configure service vpls 203 customer 1 create bgp vsi-import "policy-203-import"
*A:r2.hailstorm5.coe.muc.redhat.com>config>service>vpls>bind$ /configure service vpls 203 customer 1 create bgp-evpn ip-route-advertisement 
*A:r2.hailstorm5.coe.muc.redhat.com>config>service>vpls>bind$ /configure service vpls 203 customer 1 create bgp-evpn mpls shutdown 
*A:r2.hailstorm5.coe.muc.redhat.com>config>service>vpls>bind$ /configure service vpls 203 customer 1 create stp shutdown 
*A:r2.hailstorm5.coe.muc.redhat.com>config>service>vpls>bind$ /configure service vpls 203 customer 1 create service-name "vpls203"
*A:r2.hailstorm5.coe.muc.redhat.com>config>service>vpls>bind$ /configure service vpls 203 customer 1 create vsd-domain "vrf203"
*A:r2.hailstorm5.coe.muc.redhat.com>config>service>vpls>bind$ /configure service vpls 203 customer 1 create no shutdown 
*A:r2.hailstorm5.coe.muc.redhat.com>config>service>vpls>bind$ /configure service vpls 204 customer 1 create allow-ip-int-bind 
*A:r2.hailstorm5.coe.muc.redhat.com>config>service>vpls>bind$ /configure service vpls 204 customer 1 create bgp route-distinguisher 65000:104 
*A:r2.hailstorm5.coe.muc.redhat.com>config>service>vpls>bind$ /configure service vpls 204 customer 1 create bgp vsi-export "policy-204-export"
*A:r2.hailstorm5.coe.muc.redhat.com>config>service>vpls>bind$ /configure service vpls 204 customer 1 create bgp vsi-import "policy-204-import"
*A:r2.hailstorm5.coe.muc.redhat.com>config>service>vpls>bind$ /configure service vpls 204 customer 1 create bgp-evpn ip-route-advertisement 
*A:r2.hailstorm5.coe.muc.redhat.com>config>service>vpls>bind$ /configure service vpls 204 customer 1 create bgp-evpn mpls shutdown 
*A:r2.hailstorm5.coe.muc.redhat.com>config>service>vpls>bind$ /configure service vpls 204 customer 1 create stp shutdown 
*A:r2.hailstorm5.coe.muc.redhat.com>config>service>vpls>bind$ /configure service vpls 204 customer 1 create service-name "vpls204"
*A:r2.hailstorm5.coe.muc.redhat.com>config>service>vpls>bind$ /configure service vpls 204 customer 1 create vsd-domain "vrf204"
*A:r2.hailstorm5.coe.muc.redhat.com>config>service>vpls>bind$ /configure service vpls 204 customer 1 create no shutdown 
*A:r2.hailstorm5.coe.muc.redhat.com>config>service>vpls>bind$ /configure service vpls 2001 customer 1 create 
*A:r2.hailstorm5.coe.muc.redhat.com>config>service>vpls$ /configure service vpls 2001 allow-ip-int-bind 
*A:r2.hailstorm5.coe.muc.redhat.com>config>service>vpls>bind# /configure service vpls 2001 bgp route-distinguisher 65000:1001 
*A:r2.hailstorm5.coe.muc.redhat.com>config>service>vpls>bind# /configure service vpls 2001 bgp vsi-export "policy-2001-export"
*A:r2.hailstorm5.coe.muc.redhat.com>config>service>vpls>bind# /configure service vpls 2001 bgp vsi-import "policy-2001-import"
*A:r2.hailstorm5.coe.muc.redhat.com>config>service>vpls>bind# /configure service vpls 2001 bgp-evpn ip-route-advertisement 
*A:r2.hailstorm5.coe.muc.redhat.com>config>service>vpls>bind# /configure service vpls 2001 service-name "vpls2001"
*A:r2.hailstorm5.coe.muc.redhat.com>config>service>vpls>bind# /configure service vpls 2001 vsd-domain "vrf2001"
*A:r2.hailstorm5.coe.muc.redhat.com>config>service>vpls>bind# /configure service vpls 2001 no shutdown 
*A:r2.hailstorm5.coe.muc.redhat.com>config>service>vpls>bind# /configure service vpls 2002 customer 1 create 
*A:r2.hailstorm5.coe.muc.redhat.com>config>service>vpls$ /configure service vpls 2002 allow-ip-int-bind 
*A:r2.hailstorm5.coe.muc.redhat.com>config>service>vpls>bind# /configure service vpls 2002 bgp route-distinguisher 65000:1002 
*A:r2.hailstorm5.coe.muc.redhat.com>config>service>vpls>bind# /configure service vpls 2002 bgp vsi-export "policy-2002-export"
*A:r2.hailstorm5.coe.muc.redhat.com>config>service>vpls>bind# /configure service vpls 2002 bgp vsi-import "policy-2002-import"
*A:r2.hailstorm5.coe.muc.redhat.com>config>service>vpls>bind# /configure service vpls 2002 bgp-evpn ip-route-advertisement 
*A:r2.hailstorm5.coe.muc.redhat.com>config>service>vpls>bind# /configure service vpls 2002 service-name "vpls2002"
*A:r2.hailstorm5.coe.muc.redhat.com>config>service>vpls>bind# /configure service vpls 2002 vsd-domain "vrf2002"
*A:r2.hailstorm5.coe.muc.redhat.com>config>service>vpls>bind# /configure service vpls 2002 no shutdown 
*A:r2.hailstorm5.coe.muc.redhat.com>config>service>vpls>bind# /configure service vprn 1000 customer 1 create router-id 1.1.1.12 
*A:r2.hailstorm5.coe.muc.redhat.com>config>service>vpls>bind# /configure service vprn 1000 auto-bind-tunnel resolution any 
*A:r2.hailstorm5.coe.muc.redhat.com>config>service>vpls>bind# /configure service vprn 1000 customer 1 create autonomous-system 65500 
*A:r2.hailstorm5.coe.muc.redhat.com>config>service>vpls>bind# /configure service vprn 1000 customer 1 create route-distinguisher 65500:1000 
*A:r2.hailstorm5.coe.muc.redhat.com>config>service>vpls>bind# /configure service vprn 1000 customer 1 create vrf-target target:65500:1000 
*A:r2.hailstorm5.coe.muc.redhat.com>config>service>vpls>bind# /configure service vprn 1000 customer 1 create interface "to_OSPF1" create address 10.116.11.38/28 
*A:r2.hailstorm5.coe.muc.redhat.com>config>service>vpls>bind# /configure service vprn 1000 customer 1 create interface "to_OSPF1" create ipv6 
*A:r2.hailstorm5.coe.muc.redhat.com>config>service>vprn>if>ipv6# /configure service vprn 1000 customer 1 create interface "to_OSPF1" create sap 1/1/3 create 
*A:r2.hailstorm5.coe.muc.redhat.com>config>service>vprn>if>sap# /configure service vprn 1000 customer 1 create interface "to_BGP1" create address 10.116.111.60/28 
*A:r2.hailstorm5.coe.muc.redhat.com>config>service>vprn>if>sap# /configure service vprn 1000 customer 1 create interface "to_BGP1" create ipv6 
*A:r2.hailstorm5.coe.muc.redhat.com>config>service>vprn>if>ipv6# /configure service vprn 1000 customer 1 create interface "to_BGP1" create sap 1/1/4 create 
*A:r2.hailstorm5.coe.muc.redhat.com>config>service>vprn>if>sap# /configure service vprn 1000 customer 1 create interface "to_guests" create address 10.32.96.169/20 
*A:r2.hailstorm5.coe.muc.redhat.com>config>service>vprn>if>sap# /configure service vprn 1000 customer 1 create interface "to_guests" create vrrp 3 backup 10.32.96.254 
*A:r2.hailstorm5.coe.muc.redhat.com>config>service>vprn>if>sap# /configure service vprn 1000 customer 1 create interface "to_guests" create vrrp 3 priority 200 
*A:r2.hailstorm5.coe.muc.redhat.com>config>service>vprn>if>sap# /configure service vprn 1000 customer 1 create interface "to_guests" create vrrp 3 ping-reply 
*A:r2.hailstorm5.coe.muc.redhat.com>config>service>vprn>if>sap# /configure service vprn 1000 customer 1 create interface "to_guests" create vrrp 3 traceroute-reply 
*A:r2.hailstorm5.coe.muc.redhat.com>config>service>vprn>if>sap# /configure service vprn 1000 customer 1 create interface "to_guests" create sap 1/1/6 create 
*A:r2.hailstorm5.coe.muc.redhat.com>config>service>vprn>if>sap# /configure service vprn 1000 customer 1 create interface "to_guests" remote-proxy-arp 
*A:r2.hailstorm5.coe.muc.redhat.com>config>service>vprn>if>sap# /configure service vprn 1000 customer 1 create interface "to-vpls201" create ipv6 
*A:r2.hailstorm5.coe.muc.redhat.com>config>service>vprn>if>ipv6# /configure service vprn 1000 customer 1 create interface "to-vpls201" create vpls "vpls201" evpn-tunnel 
*A:r2.hailstorm5.coe.muc.redhat.com>config>service>vprn>if>ipv6# /configure service vprn 1000 customer 1 create interface "to-vpls202" create ipv6 
*A:r2.hailstorm5.coe.muc.redhat.com>config>service>vprn>if>ipv6# /configure service vprn 1000 customer 1 create interface "to-vpls202" create vpls "vpls202" evpn-tunnel 
*A:r2.hailstorm5.coe.muc.redhat.com>config>service>vprn>if>ipv6# /configure service vprn 1000 customer 1 create interface "to-vpls203" create ipv6 
*A:r2.hailstorm5.coe.muc.redhat.com>config>service>vprn>if>ipv6# /configure service vprn 1000 customer 1 create interface "to-vpls203" create vpls "vpls203" evpn-tunnel 
*A:r2.hailstorm5.coe.muc.redhat.com>config>service>vprn>if>ipv6# /configure service vprn 1000 customer 1 create interface "to-vpls204" create ipv6 
*A:r2.hailstorm5.coe.muc.redhat.com>config>service>vprn>if>ipv6# /configure service vprn 1000 customer 1 create interface "to-vpls204" create vpls "vpls204" evpn-tunnel 
*A:r2.hailstorm5.coe.muc.redhat.com>config>service>vprn>if>ipv6# /configure service vprn 1000 interface "to-vpls2001" create 
*A:r2.hailstorm5.coe.muc.redhat.com>config>service>vprn>if# /configure service vprn 1000 interface "to-vpls2001" vpls "vpls2001"
*A:r2.hailstorm5.coe.muc.redhat.com>config>service>vprn>if>vpls# /configure service vprn 1000 interface "to-vpls2001" ipv6 
*A:r2.hailstorm5.coe.muc.redhat.com>config>service>vprn>if>ipv6# /configure service vprn 1000 interface "to-vpls2001" vpls "vpls2001" evpn-tunnel 
*A:r2.hailstorm5.coe.muc.redhat.com>config>service>vprn>if>ipv6# /configure service vprn 1000 customer 1 create static-route-entry 0.0.0.0/0 next-hop 10.32.111.254 no shutdown 
*A:r2.hailstorm5.coe.muc.redhat.com>config>service>vprn>if>ipv6# /configure service vprn 1000 customer 1 create static-route-entry 10.116.104.0/24 black-hole no shutdown 
*A:r2.hailstorm5.coe.muc.redhat.com>config>service>vprn>if>ipv6# /configure service vprn 1000 customer 1 create static-route-entry 10.116.105.0/24 black-hole no shutdown 
*A:r2.hailstorm5.coe.muc.redhat.com>config>service>vprn>if>ipv6# /configure service vprn 1000 customer 1 create static-route-entry 10.116.106.0/24 black-hole no shutdown 
*A:r2.hailstorm5.coe.muc.redhat.com>config>service>vprn>if>ipv6# /configure service vprn 1000 customer 1 create static-route-entry 10.116.107.0/24 black-hole no shutdown 
*A:r2.hailstorm5.coe.muc.redhat.com>config>service>vprn>if>ipv6# /configure service vprn 1000 customer 1 create static-route-entry 10.116.108.0/24 black-hole no shutdown 
*A:r2.hailstorm5.coe.muc.redhat.com>config>service>vprn>if>ipv6# /configure service vprn 1000 customer 1 create static-route-entry 10.116.109.0/24 black-hole no shutdown 
*A:r2.hailstorm5.coe.muc.redhat.com>config>service>vprn>if>ipv6# /configure service vprn 1000 customer 1 create static-route-entry 10.116.110.0/24 black-hole no shutdown 
*A:r2.hailstorm5.coe.muc.redhat.com>config>service>vprn>if>ipv6# /configure service vprn 1000 customer 1 create static-route-entry 10.116.111.0/24 black-hole no shutdown 
*A:r2.hailstorm5.coe.muc.redhat.com>config>service>vprn>if>ipv6# /configure service vprn 1000 customer 1 create static-route-entry 2a03:cc00:16:105::/64 black-hole no shutdown 
*A:r2.hailstorm5.coe.muc.redhat.com>config>service>vprn>if>ipv6# /configure service vprn 1000 customer 1 create static-route-entry 2a03:cc00:16:106::/64 black-hole no shutdown 
*A:r2.hailstorm5.coe.muc.redhat.com>config>service>vprn>if>ipv6# /configure service vprn 1000 customer 1 create static-route-entry 2a03:cc00:16:107::/64 black-hole no shutdown 
*A:r2.hailstorm5.coe.muc.redhat.com>config>service>vprn>if>ipv6# /configure service vprn 1000 customer 1 create static-route-entry 2a03:cc00:16:108::/64 black-hole no shutdown 
*A:r2.hailstorm5.coe.muc.redhat.com>config>service>vprn>if>ipv6# /configure service vprn 1000 customer 1 create static-route-entry 2a03:cc00:16:109::/64 black-hole no shutdown 
*A:r2.hailstorm5.coe.muc.redhat.com>config>service>vprn>if>ipv6# /configure service vprn 1000 customer 1 create static-route-entry 2a03:cc00:16:110::/64 black-hole no shutdown 
*A:r2.hailstorm5.coe.muc.redhat.com>config>service>vprn>if>ipv6# /configure service vprn 1000 customer 1 create static-route-entry 2a03:cc00:16:111::/64 black-hole no shutdown 
*A:r2.hailstorm5.coe.muc.redhat.com>config>service>vprn>if>ipv6# /configure service vprn 1000 customer 1 create bgp group "RB" family ipv4 ipv6 
*A:r2.hailstorm5.coe.muc.redhat.com>config>service>vprn>if>ipv6# /configure service vprn 1000 customer 1 create bgp group "RB" import "announce_to_rb"
*A:r2.hailstorm5.coe.muc.redhat.com>config>service>vprn>if>ipv6# /configure service vprn 1000 customer 1 create bgp group "RB" peer-as 65011 
*A:r2.hailstorm5.coe.muc.redhat.com>config>service>vprn>if>ipv6# /configure service vprn 1000 customer 1 create bgp group "RB" neighbor 10.116.11.50 
*A:r2.hailstorm5.coe.muc.redhat.com>config>service>vprn>bgp>group>neighbor$ /configure service vprn 1000 customer 1 create bgp group "RB" neighbor 10.116.111.51 
*A:r2.hailstorm5.coe.muc.redhat.com>config>service>vprn>bgp>group>neighbor$ /configure service vprn 1000 customer 1 create bgp no shutdown 
*A:r2.hailstorm5.coe.muc.redhat.com>config>service>vprn>bgp>group>neighbor$ /configure service vprn 1000 customer 1 create ospf3 0 export "announce_to_rb"
*A:r2.hailstorm5.coe.muc.redhat.com>config>service>vprn>bgp>group>neighbor$ /configure service vprn 1000 customer 1 create ospf3 0 area 0.0.0.10 interface "to_OSPF1" mtu 1500 
*A:r2.hailstorm5.coe.muc.redhat.com>config>service>vprn>bgp>group>neighbor$ /configure service vprn 1000 customer 1 create ospf3 0 area 0.0.0.10 interface "to_OSPF1" no shutdown 
*A:r2.hailstorm5.coe.muc.redhat.com>config>service>vprn>bgp>group>neighbor$ /configure service vprn 1000 customer 1 create ospf3 0 no shutdown 
*A:r2.hailstorm5.coe.muc.redhat.com>config>service>vprn>bgp>group>neighbor$ /configure service vprn 1000 customer 1 create service-name "HUB_VPRN"
*A:r2.hailstorm5.coe.muc.redhat.com>config>service>vprn>bgp>group>neighbor$ /configure service vprn 1000 customer 1 create no shutdown 
*A:r2.hailstorm5.coe.muc.redhat.com>config>service>vprn>bgp>group>neighbor$ /configure service vprn 2000 customer 1 create router-id 1.1.1.12 
*A:r2.hailstorm5.coe.muc.redhat.com>config>service>vprn>bgp>group>neighbor$ /configure service vprn 2000 auto-bind-tunnel resolution any 
*A:r2.hailstorm5.coe.muc.redhat.com>config>service>vprn>bgp>group>neighbor$ /configure service vprn 2000 customer 1 create route-distinguisher 65000:2000 
*A:r2.hailstorm5.coe.muc.redhat.com>config>service>vprn>bgp>group>neighbor$ /configure service vprn 2000 customer 1 create vrf-target target:65000:2000 
*A:r2.hailstorm5.coe.muc.redhat.com>config>service>vprn>bgp>group>neighbor$ /configure service vprn 2000 customer 1 create interface "to_GRT" create address 10.100.1.1/31 
*A:r2.hailstorm5.coe.muc.redhat.com>config>service>vprn>bgp>group>neighbor$ /configure service vprn 2000 customer 1 create interface "to_GRT" create sap pxc-1.b:0 create 
*A:r2.hailstorm5.coe.muc.redhat.com>config>service>vprn>if>sap# /configure service vprn 2000 customer 1 create interface "to_vsr1" create address 192.168.16.3/24 
*A:r2.hailstorm5.coe.muc.redhat.com>config>service>vprn>if>sap# /configure service vprn 2000 customer 1 create interface "to_vsr1" create sap 1/1/5 create 
*A:r2.hailstorm5.coe.muc.redhat.com>config>service>vprn>if>sap# /configure service vprn 2000 customer 1 create interface "to_tenant" create address 192.168.12.168/24 
*A:r2.hailstorm5.coe.muc.redhat.com>config>service>vprn>if>sap# /configure service vprn 2000 customer 1 create interface "to_tenant" create vrrp 1 backup 192.168.12.254 
*A:r2.hailstorm5.coe.muc.redhat.com>config>service>vprn>if>sap# /configure service vprn 2000 customer 1 create interface "to_tenant" create vrrp 1 priority 200 
*A:r2.hailstorm5.coe.muc.redhat.com>config>service>vprn>if>sap# /configure service vprn 2000 customer 1 create interface "to_tenant" create vrrp 1 ping-reply 
*A:r2.hailstorm5.coe.muc.redhat.com>config>service>vprn>if>sap# /configure service vprn 2000 customer 1 create interface "to_tenant" create vrrp 1 traceroute-reply 
*A:r2.hailstorm5.coe.muc.redhat.com>config>service>vprn>if>sap# /configure service vprn 2000 customer 1 create interface "to_tenant" create sap 1/1/1 create 
*A:r2.hailstorm5.coe.muc.redhat.com>config>service>vprn>if>sap# /configure service vprn 2000 customer 1 create interface "to_mgmt" create address 10.116.127.169/24 
*A:r2.hailstorm5.coe.muc.redhat.com>config>service>vprn>if>sap# /configure service vprn 2000 customer 1 create interface "to_mgmt" create vrrp 2 backup 10.116.127.179 
*A:r2.hailstorm5.coe.muc.redhat.com>config>service>vprn>if>sap# /configure service vprn 2000 customer 1 create interface "to_mgmt" create vrrp 2 priority 200 
*A:r2.hailstorm5.coe.muc.redhat.com>config>service>vprn>if>sap# /configure service vprn 2000 customer 1 create interface "to_mgmt" create vrrp 2 ping-reply 
*A:r2.hailstorm5.coe.muc.redhat.com>config>service>vprn>if>sap# /configure service vprn 2000 customer 1 create interface "to_mgmt" create vrrp 2 traceroute-reply 
*A:r2.hailstorm5.coe.muc.redhat.com>config>service>vprn>if>sap# /configure service vprn 2000 customer 1 create interface "to_mgmt" create sap 1/1/2 create 
*A:r2.hailstorm5.coe.muc.redhat.com>config>service>vprn>if>sap# /configure service vprn 2000 interface "to_ocp" create 
*A:r2.hailstorm5.coe.muc.redhat.com>config>service>vprn>if$ /configure service vprn 2000 interface "to_ocp" vpls "vpls2002"
*A:r2.hailstorm5.coe.muc.redhat.com>config>service>vprn>if>vpls# /configure service vprn 2000 interface "to_ocp" ipv6 
*A:r2.hailstorm5.coe.muc.redhat.com>config>service>vprn>if>ipv6# /configure service vprn 2000 interface "to_ocp" vpls "vpls2002" evpn-tunnel 
*A:r2.hailstorm5.coe.muc.redhat.com>config>service>vprn>if>ipv6# /configure service vprn 2000 customer 1 create ospf 21.11.11.2 area 0.0.0.0 interface "to_GRT" mtu 1500 
*A:r2.hailstorm5.coe.muc.redhat.com>config>service>vprn>if>ipv6# /configure service vprn 2000 customer 1 create ospf 21.11.11.2 area 0.0.0.0 interface "to_GRT" no shutdown 
*A:r2.hailstorm5.coe.muc.redhat.com>config>service>vprn>if>ipv6# /configure service vprn 2000 customer 1 create ospf 21.11.11.2 area 0.0.0.0 interface "to_vsr1" no shutdown 
*A:r2.hailstorm5.coe.muc.redhat.com>config>service>vprn>if>ipv6# /configure service vprn 2000 customer 1 create ospf 21.11.11.2 area 0.0.0.0 interface "to_tenant" no shutdown 
*A:r2.hailstorm5.coe.muc.redhat.com>config>service>vprn>if>ipv6# /configure service vprn 2000 customer 1 create ospf 21.11.11.2 area 0.0.0.0 interface "to_mgmt" no shutdown 
*A:r2.hailstorm5.coe.muc.redhat.com>config>service>vprn>if>ipv6# /configure service vprn 2000 customer 1 create ospf 21.11.11.2 no shutdown 
*A:r2.hailstorm5.coe.muc.redhat.com>config>service>vprn>if>ipv6# /configure service vprn 2000 customer 1 create service-name "INFRA_VPRN"
*A:r2.hailstorm5.coe.muc.redhat.com>config>service>vprn>if>ipv6# /configure service vprn 2000 customer 1 create no shutdown 
*A:r2.hailstorm5.coe.muc.redhat.com>config>service>vprn>if>ipv6# /configure service vpls 201 customer 1 create allow-ip-int-bind 
*A:r2.hailstorm5.coe.muc.redhat.com>config>service>vpls>bind# /configure service vpls 202 customer 1 create allow-ip-int-bind 
*A:r2.hailstorm5.coe.muc.redhat.com>config>service>vpls>bind# /configure service vpls 203 customer 1 create allow-ip-int-bind 
*A:r2.hailstorm5.coe.muc.redhat.com>config>service>vpls>bind# /configure service vpls 204 customer 1 create allow-ip-int-bind 
*A:r2.hailstorm5.coe.muc.redhat.com>config>service>vpls>bind# /configure router Base ospf 0 no shutdown 
*A:r2.hailstorm5.coe.muc.redhat.com>config>service>vpls>bind# /configure router Base bgp connect-retry 2 
*A:r2.hailstorm5.coe.muc.redhat.com>config>service>vpls>bind# /configure router Base bgp min-route-advertisement 1 
*A:r2.hailstorm5.coe.muc.redhat.com>config>service>vpls>bind# /configure router Base bgp outbound-route-filtering extended-community send-orf 
*A:r2.hailstorm5.coe.muc.redhat.com>config>service>vpls>bind# /configure router Base bgp rapid-withdrawal 
*A:r2.hailstorm5.coe.muc.redhat.com>config>service>vpls>bind# /configure router Base bgp rapid-update evpn 
*A:r2.hailstorm5.coe.muc.redhat.com>config>service>vpls>bind# /configure router Base bgp group "internal" family evpn 
*A:r2.hailstorm5.coe.muc.redhat.com>config>service>vpls>bind# /configure router Base bgp group "internal" type internal 
*A:r2.hailstorm5.coe.muc.redhat.com>config>service>vpls>bind# /configure router Base bgp group "internal" neighbor 1.1.1.1 
*A:r2.hailstorm5.coe.muc.redhat.com>config>router>bgp>group>neighbor$ /configure router Base bgp group "internal" neighbor 1.1.1.2 
*A:r2.hailstorm5.coe.muc.redhat.com>config>router>bgp>group>neighbor$ /configure router Base bgp group "internal" neighbor 1.1.1.3 
*A:r2.hailstorm5.coe.muc.redhat.com>config>router>bgp>group>neighbor$ /configure router Base bgp group "internal" neighbor 1.1.1.4 
*A:r2.hailstorm5.coe.muc.redhat.com>config>router>bgp>group>neighbor$ /configure router Base bgp group "internal" neighbor 1.1.1.11 
*A:r2.hailstorm5.coe.muc.redhat.com>config>router>bgp>group>neighbor$ /configure router Base bgp no shutdown 
*A:r2.hailstorm5.coe.muc.redhat.com>config>router>bgp>group>neighbor$ /configure system time ntp server 10.116.127.153 
*A:r2.hailstorm5.coe.muc.redhat.com>config>router>bgp>group>neighbor$ /configure system xmpp server "vsd" domain-name "xmpp.hailstorm5.coe.muc.redhat.com" create username "r2" no shutdown 
*A:r2.hailstorm5.coe.muc.redhat.com>config>router>bgp>group>neighbor$ /bof static-route 0.0.0.0/1 next-hop 10.116.127.1 
*A:r2.hailstorm5.coe.muc.redhat.com>config>router>bgp>group>neighbor$ /bof primary-dns 10.116.127.153 
*A:r2.hailstorm5.coe.muc.redhat.com>config>router>bgp>group>neighbor$ /bof dns-domain hailstorm5.coe.muc.redhat.com 
*A:r2.hailstorm5.coe.muc.redhat.com>config>router>bgp>group>neighbor$ /bof save 
Writing BOF to cf3:/bof.cfg ... OK
Completed.
*A:r2.hailstorm5.coe.muc.redhat.com>config>router>bgp>group>neighbor$ /admin save 
Writing configuration to cf3:\config.cfg
Saving configuration ... OK
Completed.
A:r2.hailstorm5.coe.muc.redhat.com>config>router>bgp>group>neighbor$ 